0 info it worked if it ends with ok
1 verbose cli [ '/usr/local/bin/node',
1 verbose cli   '/usr/local/bin/npm',
1 verbose cli   'install',
1 verbose cli   '-g',
1 verbose cli   'webcam-capture' ]
2 info using npm@3.10.8
3 info using node@v6.4.0
4 silly loadCurrentTree Starting
5 silly install loadCurrentTree
6 silly install readGlobalPackageData
7 silly fetchPackageMetaData webcam-capture
8 silly fetchNamedPackageData webcam-capture
9 silly mapToRegistry name webcam-capture
10 silly mapToRegistry using default registry
11 silly mapToRegistry registry https://registry.npmjs.org/
12 silly mapToRegistry data Result {
12 silly mapToRegistry   raw: 'webcam-capture',
12 silly mapToRegistry   scope: null,
12 silly mapToRegistry   escapedName: 'webcam-capture',
12 silly mapToRegistry   name: 'webcam-capture',
12 silly mapToRegistry   rawSpec: '',
12 silly mapToRegistry   spec: 'latest',
12 silly mapToRegistry   type: 'tag' }
13 silly mapToRegistry uri https://registry.npmjs.org/webcam-capture
14 verbose request uri https://registry.npmjs.org/webcam-capture
15 verbose request no auth needed
16 info attempt registry request try #1 at 11:43:20 AM
17 verbose request using bearer token for auth
18 verbose request id a115dbf66b3eb858
19 verbose etag "56Q78CTB03HYMK00VG7LI22HU"
20 http request GET https://registry.npmjs.org/webcam-capture
21 http 304 https://registry.npmjs.org/webcam-capture
22 verbose headers { 'cache-control': 'max-age=300',
22 verbose headers   'accept-ranges': 'bytes',
22 verbose headers   date: 'Sat, 15 Oct 2016 18:43:21 GMT',
22 verbose headers   via: '1.1 varnish',
22 verbose headers   connection: 'keep-alive',
22 verbose headers   'x-served-by': 'cache-sea1924-SEA',
22 verbose headers   'x-cache': 'MISS',
22 verbose headers   'x-cache-hits': '0',
22 verbose headers   'x-timer': 'S1476557001.340176,VS0,VE19',
22 verbose headers   vary: 'Accept-Encoding' }
23 silly get cb [ 304,
23 silly get   { 'cache-control': 'max-age=300',
23 silly get     'accept-ranges': 'bytes',
23 silly get     date: 'Sat, 15 Oct 2016 18:43:21 GMT',
23 silly get     via: '1.1 varnish',
23 silly get     connection: 'keep-alive',
23 silly get     'x-served-by': 'cache-sea1924-SEA',
23 silly get     'x-cache': 'MISS',
23 silly get     'x-cache-hits': '0',
23 silly get     'x-timer': 'S1476557001.340176,VS0,VE19',
23 silly get     vary: 'Accept-Encoding' } ]
24 verbose etag https://registry.npmjs.org/webcam-capture from cache
25 verbose get saving webcam-capture to /Users/Weylin/.npm/registry.npmjs.org/webcam-capture/.cache.json
26 verbose correctMkdir /Users/Weylin/.npm correctMkdir not in flight; initializing
27 silly install normalizeTree
28 silly loadCurrentTree Finishing
29 silly loadIdealTree Starting
30 silly install loadIdealTree
31 silly cloneCurrentTree Starting
32 silly install cloneCurrentTreeToIdealTree
33 silly cloneCurrentTree Finishing
34 silly loadShrinkwrap Starting
35 silly install loadShrinkwrap
36 silly loadShrinkwrap Finishing
37 silly loadAllDepsIntoIdealTree Starting
38 silly install loadAllDepsIntoIdealTree
39 silly resolveWithNewModule webcam-capture@0.1.1 checking installable status
40 silly cache add args [ 'webcam-capture', null ]
41 verbose cache add spec webcam-capture
42 silly cache add parsed spec Result {
42 silly cache add   raw: 'webcam-capture',
42 silly cache add   scope: null,
42 silly cache add   escapedName: 'webcam-capture',
42 silly cache add   name: 'webcam-capture',
42 silly cache add   rawSpec: '',
42 silly cache add   spec: 'latest',
42 silly cache add   type: 'tag' }
43 silly addNamed webcam-capture@latest
44 verbose addNamed "latest" is being treated as a dist-tag for webcam-capture
45 info addNameTag [ 'webcam-capture', 'latest' ]
46 silly mapToRegistry name webcam-capture
47 silly mapToRegistry using default registry
48 silly mapToRegistry registry https://registry.npmjs.org/
49 silly mapToRegistry data Result {
49 silly mapToRegistry   raw: 'webcam-capture',
49 silly mapToRegistry   scope: null,
49 silly mapToRegistry   escapedName: 'webcam-capture',
49 silly mapToRegistry   name: 'webcam-capture',
49 silly mapToRegistry   rawSpec: '',
49 silly mapToRegistry   spec: 'latest',
49 silly mapToRegistry   type: 'tag' }
50 silly mapToRegistry uri https://registry.npmjs.org/webcam-capture
51 verbose addNameTag registry:https://registry.npmjs.org/webcam-capture not in flight; fetching
52 verbose get https://registry.npmjs.org/webcam-capture not expired, no request
53 silly addNameTag next cb for webcam-capture with tag latest
54 silly addNamed webcam-capture@0.1.1
55 verbose addNamed "0.1.1" is a plain semver version for webcam-capture
56 silly cache afterAdd webcam-capture@0.1.1
57 verbose afterAdd /Users/Weylin/.npm/webcam-capture/0.1.1/package/package.json not in flight; writing
58 verbose correctMkdir /Users/Weylin/.npm correctMkdir not in flight; initializing
59 verbose afterAdd /Users/Weylin/.npm/webcam-capture/0.1.1/package/package.json written
60 silly loadAllDepsIntoIdealTree Finishing
61 silly loadIdealTree Finishing
62 silly currentTree lib
63 silly idealTree lib
63 silly idealTree └── webcam-capture@0.1.1
64 silly generateActionsToTake Starting
65 silly install generateActionsToTake
66 silly generateActionsToTake Finishing
67 silly diffTrees action count 1
68 silly diffTrees add webcam-capture@0.1.1
69 silly decomposeActions action count 8
70 silly decomposeActions fetch webcam-capture@0.1.1
71 silly decomposeActions extract webcam-capture@0.1.1
72 silly decomposeActions test webcam-capture@0.1.1
73 silly decomposeActions preinstall webcam-capture@0.1.1
74 silly decomposeActions build webcam-capture@0.1.1
75 silly decomposeActions install webcam-capture@0.1.1
76 silly decomposeActions postinstall webcam-capture@0.1.1
77 silly decomposeActions finalize webcam-capture@0.1.1
78 silly runTopLevelLifecycles Starting
79 silly executeActions Starting
80 silly install executeActions
81 silly doSerial global-install 0
82 silly doParallel fetch 1
83 verbose correctMkdir /Users/Weylin/.npm/_locks correctMkdir not in flight; initializing
84 verbose lock using /Users/Weylin/.npm/_locks/staging-3a08f0df5026584d.lock for /usr/local/lib/node_modules/.staging
85 silly doParallel extract 1
86 silly extract webcam-capture@0.1.1
87 verbose unbuild lib/node_modules/.staging/webcam-capture-5a0630b2
88 silly gentlyRm /usr/local/lib/node_modules/.staging/webcam-capture-5a0630b2 is being purged from base /usr/local
89 verbose gentlyRm don't care about contents; nuking /usr/local/lib/node_modules/.staging/webcam-capture-5a0630b2
90 verbose tar unpack /Users/Weylin/.npm/webcam-capture/0.1.1/package.tgz
91 verbose tar unpacking to /usr/local/lib/node_modules/.staging/webcam-capture-5a0630b2
92 silly gentlyRm /usr/local/lib/node_modules/.staging/webcam-capture-5a0630b2 is being purged
93 verbose gentlyRm don't care about contents; nuking /usr/local/lib/node_modules/.staging/webcam-capture-5a0630b2
94 silly gunzTarPerm modes [ '755', '644' ]
95 silly gunzTarPerm extractEntry package.json
96 silly gunzTarPerm extractEntry .npmignore
97 silly gunzTarPerm extractEntry README.md
98 silly gunzTarPerm extractEntry index.js
99 silly gunzTarPerm extractEntry binding.gyp
100 silly gunzTarPerm extractEntry src/qt-capture.m
101 silly gentlyRm /usr/local/lib/node_modules/.staging/webcam-capture-5a0630b2/node_modules is being purged
102 verbose gentlyRm don't care about contents; nuking /usr/local/lib/node_modules/.staging/webcam-capture-5a0630b2/node_modules
103 silly doParallel preinstall 1
104 silly preinstall webcam-capture@0.1.1 /usr/local/lib/node_modules/.staging/webcam-capture-5a0630b2
105 info lifecycle webcam-capture@0.1.1~preinstall: webcam-capture@0.1.1
106 silly lifecycle webcam-capture@0.1.1~preinstall: no script for preinstall, continuing
107 silly doReverseSerial remove 0
108 silly doSerial move 0
109 silly doSerial finalize 1
110 silly finalize /usr/local/lib/node_modules/webcam-capture
111 silly doSerial build 1
112 silly build webcam-capture@0.1.1
113 info linkStuff webcam-capture@0.1.1
114 silly linkStuff webcam-capture@0.1.1 has /usr/local/lib/node_modules as its parent node_modules
115 silly linkStuff webcam-capture@0.1.1 is part of a global install
116 silly linkStuff webcam-capture@0.1.1 is installed into a global node_modules
117 silly linkStuff webcam-capture@0.1.1 is installed into the top-level global node_modules
118 verbose linkBins webcam-capture@0.1.1
119 verbose linkMans webcam-capture@0.1.1
120 silly doSerial global-link 0
121 silly doParallel update-linked 0
122 silly doSerial install 1
123 silly install webcam-capture@0.1.1 /usr/local/lib/node_modules/.staging/webcam-capture-5a0630b2
124 info lifecycle webcam-capture@0.1.1~install: webcam-capture@0.1.1
125 verbose lifecycle webcam-capture@0.1.1~install: unsafe-perm in lifecycle true
126 verbose lifecycle webcam-capture@0.1.1~install: PATH: /usr/local/lib/node_modules/npm/bin/node-gyp-bin:/usr/local/lib/node_modules/webcam-capture/node_modules/.bin:/usr/local/lib/node_modules/.bin:/usr/local/bin:/usr/bin:/bin:/usr/sbin:/sbin:~/bin:/opt/X11/bin
127 verbose lifecycle webcam-capture@0.1.1~install: CWD: /usr/local/lib/node_modules/webcam-capture
128 silly lifecycle webcam-capture@0.1.1~install: Args: [ '-c', 'node-gyp rebuild' ]
129 silly lifecycle webcam-capture@0.1.1~install: Returned: code: 1  signal: null
130 info lifecycle webcam-capture@0.1.1~install: Failed to exec install script
131 verbose unlock done using /Users/Weylin/.npm/_locks/staging-3a08f0df5026584d.lock for /usr/local/lib/node_modules/.staging
132 silly rollbackFailedOptional Starting
133 silly rollbackFailedOptional Finishing
134 silly runTopLevelLifecycles Finishing
135 silly install printInstalled
136 verbose stack Error: webcam-capture@0.1.1 install: `node-gyp rebuild`
136 verbose stack Exit status 1
136 verbose stack     at EventEmitter.<anonymous> (/usr/local/lib/node_modules/npm/lib/utils/lifecycle.js:255:16)
136 verbose stack     at emitTwo (events.js:106:13)
136 verbose stack     at EventEmitter.emit (events.js:191:7)
136 verbose stack     at ChildProcess.<anonymous> (/usr/local/lib/node_modules/npm/lib/utils/spawn.js:40:14)
136 verbose stack     at emitTwo (events.js:106:13)
136 verbose stack     at ChildProcess.emit (events.js:191:7)
136 verbose stack     at maybeClose (internal/child_process.js:852:16)
136 verbose stack     at Process.ChildProcess._handle.onexit (internal/child_process.js:215:5)
137 verbose pkgid webcam-capture@0.1.1
138 verbose cwd /Users/Weylin/codesmith/dispersion/crypto
139 error Darwin 16.0.0
140 error argv "/usr/local/bin/node" "/usr/local/bin/npm" "install" "-g" "webcam-capture"
141 error node v6.4.0
142 error npm  v3.10.8
143 error code ELIFECYCLE
144 error webcam-capture@0.1.1 install: `node-gyp rebuild`
144 error Exit status 1
145 error Failed at the webcam-capture@0.1.1 install script 'node-gyp rebuild'.
145 error Make sure you have the latest version of node.js and npm installed.
145 error If you do, this is most likely a problem with the webcam-capture package,
145 error not with npm itself.
145 error Tell the author that this fails on your system:
145 error     node-gyp rebuild
145 error You can get information on how to open an issue for this project with:
145 error     npm bugs webcam-capture
145 error Or if that isn't available, you can get their info via:
145 error     npm owner ls webcam-capture
145 error There is likely additional logging output above.
146 verbose exit [ 1, true ]
